# JRE version: OpenJDK Runtime Environment Temurin-11.0.16.1+1 (11.0.16.1+1) (build 11.0.16.1+1)
# Java VM: OpenJDK 64-Bit Server VM Temurin-11.0.16.1+1 (11.0.16.1+1, mixed mode, tiered, compressed oops, g1 gc, windows-amd64)
Heap:
 garbage-first heap   total 262144K, used 61040K [0x0000000700c00000, 0x0000000800000000)
  region size 1024K, 44 young (45056K), 4 survivors (4096K)
 Metaspace       used 26377K, capacity 26620K, committed 26624K, reserved 1073152K
  class space    used 2963K, capacity 3070K, committed 3072K, reserved 1048576K
GC Heap History (8 events):
Event: 0.265 GC heap before
{Heap before GC invocations=0 (full 0):
 garbage-first heap   total 262144K, used 14336K [0x0000000700c00000, 0x0000000800000000)
  region size 1024K, 14 young (14336K), 0 survivors (0K)
 Metaspace       used 8136K, capacity 8257K, committed 8448K, reserved 1056768K
  class space    used 686K, capacity 722K, committed 768K, reserved 1048576K
}
Event: 0.269 GC heap after
{Heap after GC invocations=1 (full 0):
 garbage-first heap   total 262144K, used 4898K [0x0000000700c00000, 0x0000000800000000)
  region size 1024K, 2 young (2048K), 2 survivors (2048K)
 Metaspace       used 8136K, capacity 8257K, committed 8448K, reserved 1056768K
  class space    used 686K, capacity 722K, committed 768K, reserved 1048576K
}
Event: 0.693 GC heap before
{Heap before GC invocations=1 (full 0):
 garbage-first heap   total 262144K, used 49954K [0x0000000700c00000, 0x0000000800000000)
  region size 1024K, 41 young (41984K), 2 survivors (2048K)
 Metaspace       used 13264K, capacity 13377K, committed 13440K, reserved 1060864K
  class space    used 1330K, capacity 1387K, committed 1408K, reserved 1048576K
}
Event: 0.699 GC heap after
{Heap after GC invocations=2 (full 0):
 garbage-first heap   total 262144K, used 16816K [0x0000000700c00000, 0x0000000800000000)
  region size 1024K, 6 young (6144K), 6 survivors (6144K)
 Metaspace       used 13264K, capacity 13377K, committed 13440K, reserved 1060864K
  class space    used 1330K, capacity 1387K, committed 1408K, reserved 1048576K
}
Event: 0.955 GC heap before
{Heap before GC invocations=2 (full 0):
 garbage-first heap   total 262144K, used 36272K [0x0000000700c00000, 0x0000000800000000)
  region size 1024K, 25 young (25600K), 6 survivors (6144K)
 Metaspace       used 16920K, capacity 17089K, committed 17280K, reserved 1064960K
  class space    used 1813K, capacity 1877K, committed 1920K, reserved 1048576K
}
Event: 0.960 GC heap after
{Heap after GC invocations=3 (full 0):
 garbage-first heap   total 262144K, used 18511K [0x0000000700c00000, 0x0000000800000000)
  region size 1024K, 4 young (4096K), 4 survivors (4096K)
 Metaspace       used 16920K, capacity 17089K, committed 17280K, reserved 1064960K
  class space    used 1813K, capacity 1877K, committed 1920K, reserved 1048576K
}
Event: 1.308 GC heap before
{Heap before GC invocations=3 (full 0):
 garbage-first heap   total 262144K, used 46159K [0x0000000700c00000, 0x0000000800000000)
  region size 1024K, 33 young (33792K), 4 survivors (4096K)
 Metaspace       used 20922K, capacity 21095K, committed 21248K, reserved 1069056K
  class space    used 2363K, capacity 2434K, committed 2560K, reserved 1048576K
}
Event: 1.315 GC heap after
{Heap after GC invocations=4 (full 0):
 garbage-first heap   total 262144K, used 22128K [0x0000000700c00000, 0x0000000800000000)
  region size 1024K, 4 young (4096K), 4 survivors (4096K)
 Metaspace       used 20922K, capacity 21095K, committed 21248K, reserved 1069056K
  class space    used 2363K, capacity 2434K, committed 2560K, reserved 1048576K
}

